Arguments: 
  /Users/denisbogoslovskiy/.nvm/versions/node/v17.6.0/bin/node /opt/homebrew/Cellar/yarn/1.22.19/libexec/bin/yarn.js init

PATH: 
  /Users/denisbogoslovskiy/.nvm/versions/node/v17.6.0/bin:PATH:/opt/homebrew/bin:/usr/local/bin:/System/Cryptexes/App/usr/bin:/usr/bin:/bin:/usr/sbin:/sbin:/Library/Apple/usr/bin:/Users/denisbogoslovskiy/WebstormProjects/web-front/node_modules/.bin:/Users/denisbogoslovskiy/develop/flutter/bin:/Users/denisbogoslovskiy/.pub-cache/bin:/Users/denisbogoslovskiy/node_modules/.bin

Yarn version: 
  1.22.19

Node version: 
  17.6.0

Platform: 
  darwin x64

Trace: 
  Error: canceled
      at Interface.<anonymous> (/opt/homebrew/Cellar/yarn/1.22.19/libexec/lib/cli.js:137150:13)
      at Interface.emit (node:events:527:28)
      at Interface.[_ttyWrite] [as _ttyWrite] (node:internal/readline/interface:1117:18)
      at ReadStream.onkeypress (node:internal/readline/interface:269:20)
      at ReadStream.emit (node:events:527:28)
      at emitKeys (node:internal/readline/utils:358:14)
      at emitKeys.next (<anonymous>)
      at ReadStream.onData (node:internal/readline/emitKeypressEvents:64:36)
      at ReadStream.emit (node:events:527:28)
      at addChunk (node:internal/streams/readable:324:12)

npm manifest: 
  No manifest

yarn manifest: 
  No manifest

Lockfile: 
  No lockfile
